<?xml version="1.0" encoding="UTF-8"?>
<!-- Generated by org.testng.reporters.JUnitReportReporter -->
<testsuite hostname="DESKTOP-VBNLNPQ" failures="0" tests="2" name="testcases.TestSearchFunctionality" time="46.390" errors="0" timestamp="23 Nov 2023 07:44:29 GMT" skipped="0">
  <testcase classname="testcases.TestSearchFunctionality" name="validateSearchFunctionality" time="45.062"/>
  <testcase classname="testcases.TestSearchFunctionality" name="validateTitleAndLocationOfProperty" time="1.328"/>
</testsuite> <!-- testcases.TestSearchFunctionality -->
