<?xml version="1.0" encoding="UTF-8"?>
<!-- Generated by org.testng.reporters.JUnitReportReporter -->
<testsuite hostname="DESKTOP-VBNLNPQ" failures="0" tests="1" name="testcases.ValidateThatPopularCitiesIsDifferentForAllCountries" time="16.938" errors="0" timestamp="23 Nov 2023 07:45:37 GMT" skipped="0">
  <testcase classname="testcases.ValidateThatPopularCitiesIsDifferentForAllCountries" name="test" time="16.938"/>
</testsuite> <!-- testcases.ValidateThatPopularCitiesIsDifferentForAllCountries -->
